2020-07-18 19:22:57 INFO  LogLog4j:41 - Find element: By.linkText: Log In
2020-07-18 19:22:57 INFO  LogLog4j:41 - Element: By.linkText: Log Inwas find
2020-07-18 19:22:57 INFO  LogLog4j:41 - Find element: By.linkText: Log In
2020-07-18 19:22:57 INFO  LogLog4j:41 - Element: By.linkText: Log Inwas find
2020-07-18 19:22:57 INFO  LogLog4j:41 - Find element: By.linkText: Log In
2020-07-18 19:22:57 INFO  LogLog4j:41 - Element: By.linkText: Log Inwas find
2020-07-18 19:22:57 INFO  LogLog4j:41 - Find element: By.id: login
2020-07-18 19:22:58 ERROR LogLog4j:58 - Error: org.openqa.selenium.NoSuchElementException: no such element: Unable to locate element: {"method":"css selector","selector":"#login"}
  (Session info: chrome=83.0.4103.61)
For documentation on this error, please visit: https://www.seleniumhq.org/exceptions/no_such_element.html
Build info: version: '3.141.59', revision: 'e82be7d358', time: '2018-11-14T08:17:03'
System info: host: 'BULKA', ip: '192.168.0.80', os.name: 'Windows 10', os.arch: 'amd64', os.version: '10.0', java.version: '1.8.0_251'
Driver info: org.openqa.selenium.chrome.ChromeDriver
Capabilities {acceptInsecureCerts: false, browserName: chrome, browserVersion: 83.0.4103.61, chrome: {chromedriverVersion: 83.0.4103.39 (ccbf011cb2d2b..., userDataDir: C:\Users\Elena\AppData\Loca...}, goog:chromeOptions: {debuggerAddress: localhost:65308}, javascriptEnabled: true, networkConnectionEnabled: false, pageLoadStrategy: normal, platform: WINDOWS, platformName: WINDOWS, proxy: Proxy(), setWindowRect: true, strictFileInteractability: false, timeouts: {implicit: 0, pageLoad: 300000, script: 30000}, unhandledPromptBehavior: dismiss and notify, webauthn:virtualAuthenticators: true}
Session ID: 7d2220f91fb0c9ef9cc47260b17e8756
*** Element info: {Using=id, value=login}
2020-07-18 19:22:58 INFO  LogLog4j:41 - Find element: By.id: login
2020-07-18 19:22:58 INFO  LogLog4j:41 - Element: By.id: loginwas find
2020-07-18 19:22:59 INFO  LogLog4j:41 - Find element: By.id: login
2020-07-18 19:22:59 INFO  LogLog4j:41 - Element: By.id: loginwas find
2020-07-18 19:22:59 INFO  LogLog4j:41 - Find element: By.id: login
2020-07-18 19:22:59 INFO  LogLog4j:41 - Element: By.id: loginwas find
2020-07-18 19:22:59 INFO  LogLog4j:41 - -- Class LoginPageHelper, method enterLoginAtlassianAndClickLogin() was started
2020-07-18 19:22:59 INFO  LogLog4j:41 - User field filling, value serg_ya@yahoo.com
2020-07-18 19:22:59 INFO  LogLog4j:41 - Find element: By.id: user
2020-07-18 19:22:59 INFO  LogLog4j:41 - Element: By.id: userwas find
2020-07-18 19:22:59 INFO  LogLog4j:41 - Find element: By.id: user
2020-07-18 19:22:59 INFO  LogLog4j:41 - Element: By.id: userwas find
2020-07-18 19:22:59 INFO  LogLog4j:41 - Find element: By.id: user
2020-07-18 19:22:59 INFO  LogLog4j:41 - Element: By.id: userwas find
2020-07-18 19:22:59 INFO  LogLog4j:41 - Wait until text on button is Log in with Atlassian
2020-07-18 19:22:59 INFO  LogLog4j:41 - Find element: By.id: login
2020-07-18 19:22:59 INFO  LogLog4j:41 - Element: By.id: loginwas find
2020-07-18 19:23:00 INFO  LogLog4j:41 - Find element: By.id: login
2020-07-18 19:23:00 INFO  LogLog4j:41 - Element: By.id: loginwas find
2020-07-18 19:23:00 INFO  LogLog4j:41 - Find element: By.id: login
2020-07-18 19:23:00 INFO  LogLog4j:41 - Element: By.id: loginwas find
2020-07-18 19:23:00 INFO  LogLog4j:41 - Click on the login button
2020-07-18 19:23:00 INFO  LogLog4j:41 - Find element: By.id: login
2020-07-18 19:23:01 INFO  LogLog4j:41 - Element: By.id: loginwas find
2020-07-18 19:23:04 INFO  LogLog4j:41 - Wait until submit button is clickable
2020-07-18 19:23:04 INFO  LogLog4j:41 - Find element: By.id: login-submit
2020-07-18 19:23:04 INFO  LogLog4j:41 - Element: By.id: login-submitwas find
2020-07-18 19:23:04 INFO  LogLog4j:41 - Find element: By.id: login-submit
2020-07-18 19:23:04 INFO  LogLog4j:41 - Element: By.id: login-submitwas find
2020-07-18 19:23:04 INFO  LogLog4j:41 - ---Class LoginPageHelper, method enterPasswordAtlassionAndClickPassword() was started
2020-07-18 19:23:04 INFO  LogLog4j:41 - User field filling, value Leto2020zara
2020-07-18 19:23:04 INFO  LogLog4j:41 - Find element: By.id: password
2020-07-18 19:23:04 INFO  LogLog4j:41 - Element: By.id: passwordwas find
2020-07-18 19:23:04 INFO  LogLog4j:41 - Find element: By.id: password
2020-07-18 19:23:04 INFO  LogLog4j:41 - Element: By.id: passwordwas find
2020-07-18 19:23:04 INFO  LogLog4j:41 - Find element: By.id: password
2020-07-18 19:23:05 INFO  LogLog4j:41 - Element: By.id: passwordwas find
2020-07-18 19:23:05 INFO  LogLog4j:41 - Submit button was clicked
2020-07-18 19:23:05 INFO  LogLog4j:41 - Find element: By.id: login-submit
2020-07-18 19:23:05 INFO  LogLog4j:41 - Element: By.id: login-submitwas find
2020-07-18 19:23:05 INFO  LogLog4j:41 - Find element: By.xpath: //button[@data-test-id='header-boards-menu-button']/span[2]
2020-07-18 19:23:05 ERROR LogLog4j:58 - Error: org.openqa.selenium.NoSuchElementException: no such element: Unable to locate element: {"method":"xpath","selector":"//button[@data-test-id='header-boards-menu-button']/span[2]"}
  (Session info: chrome=83.0.4103.61)
For documentation on this error, please visit: https://www.seleniumhq.org/exceptions/no_such_element.html
Build info: version: '3.141.59', revision: 'e82be7d358', time: '2018-11-14T08:17:03'
System info: host: 'BULKA', ip: '192.168.0.80', os.name: 'Windows 10', os.arch: 'amd64', os.version: '10.0', java.version: '1.8.0_251'
Driver info: org.openqa.selenium.chrome.ChromeDriver
Capabilities {acceptInsecureCerts: false, browserName: chrome, browserVersion: 83.0.4103.61, chrome: {chromedriverVersion: 83.0.4103.39 (ccbf011cb2d2b..., userDataDir: C:\Users\Elena\AppData\Loca...}, goog:chromeOptions: {debuggerAddress: localhost:65308}, javascriptEnabled: true, networkConnectionEnabled: false, pageLoadStrategy: normal, platform: WINDOWS, platformName: WINDOWS, proxy: Proxy(), setWindowRect: true, strictFileInteractability: false, timeouts: {implicit: 0, pageLoad: 300000, script: 30000}, unhandledPromptBehavior: dismiss and notify, webauthn:virtualAuthenticators: true}
Session ID: 7d2220f91fb0c9ef9cc47260b17e8756
*** Element info: {Using=xpath, value=//button[@data-test-id='header-boards-menu-button']/span[2]}
2020-07-18 19:23:05 INFO  LogLog4j:41 - Find element: By.xpath: //button[@data-test-id='header-boards-menu-button']/span[2]
2020-07-18 19:23:05 ERROR LogLog4j:58 - Error: org.openqa.selenium.NoSuchElementException: no such element: Unable to locate element: {"method":"xpath","selector":"//button[@data-test-id='header-boards-menu-button']/span[2]"}
  (Session info: chrome=83.0.4103.61)
For documentation on this error, please visit: https://www.seleniumhq.org/exceptions/no_such_element.html
Build info: version: '3.141.59', revision: 'e82be7d358', time: '2018-11-14T08:17:03'
System info: host: 'BULKA', ip: '192.168.0.80', os.name: 'Windows 10', os.arch: 'amd64', os.version: '10.0', java.version: '1.8.0_251'
Driver info: org.openqa.selenium.chrome.ChromeDriver
Capabilities {acceptInsecureCerts: false, browserName: chrome, browserVersion: 83.0.4103.61, chrome: {chromedriverVersion: 83.0.4103.39 (ccbf011cb2d2b..., userDataDir: C:\Users\Elena\AppData\Loca...}, goog:chromeOptions: {debuggerAddress: localhost:65308}, javascriptEnabled: true, networkConnectionEnabled: false, pageLoadStrategy: normal, platform: WINDOWS, platformName: WINDOWS, proxy: Proxy(), setWindowRect: true, strictFileInteractability: false, timeouts: {implicit: 0, pageLoad: 300000, script: 30000}, unhandledPromptBehavior: dismiss and notify, webauthn:virtualAuthenticators: true}
Session ID: 7d2220f91fb0c9ef9cc47260b17e8756
*** Element info: {Using=xpath, value=//button[@data-test-id='header-boards-menu-button']/span[2]}
2020-07-18 19:23:06 INFO  LogLog4j:41 - Find element: By.xpath: //button[@data-test-id='header-boards-menu-button']/span[2]
2020-07-18 19:23:06 ERROR LogLog4j:58 - Error: org.openqa.selenium.NoSuchElementException: no such element: Unable to locate element: {"method":"xpath","selector":"//button[@data-test-id='header-boards-menu-button']/span[2]"}
  (Session info: chrome=83.0.4103.61)
For documentation on this error, please visit: https://www.seleniumhq.org/exceptions/no_such_element.html
Build info: version: '3.141.59', revision: 'e82be7d358', time: '2018-11-14T08:17:03'
System info: host: 'BULKA', ip: '192.168.0.80', os.name: 'Windows 10', os.arch: 'amd64', os.version: '10.0', java.version: '1.8.0_251'
Driver info: org.openqa.selenium.chrome.ChromeDriver
Capabilities {acceptInsecureCerts: false, browserName: chrome, browserVersion: 83.0.4103.61, chrome: {chromedriverVersion: 83.0.4103.39 (ccbf011cb2d2b..., userDataDir: C:\Users\Elena\AppData\Loca...}, goog:chromeOptions: {debuggerAddress: localhost:65308}, javascriptEnabled: true, networkConnectionEnabled: false, pageLoadStrategy: normal, platform: WINDOWS, platformName: WINDOWS, proxy: Proxy(), setWindowRect: true, strictFileInteractability: false, timeouts: {implicit: 0, pageLoad: 300000, script: 30000}, unhandledPromptBehavior: dismiss and notify, webauthn:virtualAuthenticators: true}
Session ID: 7d2220f91fb0c9ef9cc47260b17e8756
*** Element info: {Using=xpath, value=//button[@data-test-id='header-boards-menu-button']/span[2]}
2020-07-18 19:23:06 INFO  LogLog4j:41 - Find element: By.xpath: //button[@data-test-id='header-boards-menu-button']/span[2]
2020-07-18 19:23:08 ERROR LogLog4j:58 - Error: org.openqa.selenium.NoSuchElementException: no such element: Unable to locate element: {"method":"xpath","selector":"//button[@data-test-id='header-boards-menu-button']/span[2]"}
  (Session info: chrome=83.0.4103.61)
For documentation on this error, please visit: https://www.seleniumhq.org/exceptions/no_such_element.html
Build info: version: '3.141.59', revision: 'e82be7d358', time: '2018-11-14T08:17:03'
System info: host: 'BULKA', ip: '192.168.0.80', os.name: 'Windows 10', os.arch: 'amd64', os.version: '10.0', java.version: '1.8.0_251'
Driver info: org.openqa.selenium.chrome.ChromeDriver
Capabilities {acceptInsecureCerts: false, browserName: chrome, browserVersion: 83.0.4103.61, chrome: {chromedriverVersion: 83.0.4103.39 (ccbf011cb2d2b..., userDataDir: C:\Users\Elena\AppData\Loca...}, goog:chromeOptions: {debuggerAddress: localhost:65308}, javascriptEnabled: true, networkConnectionEnabled: false, pageLoadStrategy: normal, platform: WINDOWS, platformName: WINDOWS, proxy: Proxy(), setWindowRect: true, strictFileInteractability: false, timeouts: {implicit: 0, pageLoad: 300000, script: 30000}, unhandledPromptBehavior: dismiss and notify, webauthn:virtualAuthenticators: true}
Session ID: 7d2220f91fb0c9ef9cc47260b17e8756
*** Element info: {Using=xpath, value=//button[@data-test-id='header-boards-menu-button']/span[2]}
2020-07-18 19:23:09 INFO  LogLog4j:41 - Find element: By.xpath: //button[@data-test-id='header-boards-menu-button']/span[2]
2020-07-18 19:23:09 ERROR LogLog4j:58 - Error: org.openqa.selenium.NoSuchElementException: no such element: Unable to locate element: {"method":"xpath","selector":"//button[@data-test-id='header-boards-menu-button']/span[2]"}
  (Session info: chrome=83.0.4103.61)
For documentation on this error, please visit: https://www.seleniumhq.org/exceptions/no_such_element.html
Build info: version: '3.141.59', revision: 'e82be7d358', time: '2018-11-14T08:17:03'
System info: host: 'BULKA', ip: '192.168.0.80', os.name: 'Windows 10', os.arch: 'amd64', os.version: '10.0', java.version: '1.8.0_251'
Driver info: org.openqa.selenium.chrome.ChromeDriver
Capabilities {acceptInsecureCerts: false, browserName: chrome, browserVersion: 83.0.4103.61, chrome: {chromedriverVersion: 83.0.4103.39 (ccbf011cb2d2b..., userDataDir: C:\Users\Elena\AppData\Loca...}, goog:chromeOptions: {debuggerAddress: localhost:65308}, javascriptEnabled: true, networkConnectionEnabled: false, pageLoadStrategy: normal, platform: WINDOWS, platformName: WINDOWS, proxy: Proxy(), setWindowRect: true, strictFileInteractability: false, timeouts: {implicit: 0, pageLoad: 300000, script: 30000}, unhandledPromptBehavior: dismiss and notify, webauthn:virtualAuthenticators: true}
Session ID: 7d2220f91fb0c9ef9cc47260b17e8756
*** Element info: {Using=xpath, value=//button[@data-test-id='header-boards-menu-button']/span[2]}
2020-07-18 19:23:09 INFO  LogLog4j:41 - Find element: By.xpath: //button[@data-test-id='header-boards-menu-button']/span[2]
2020-07-18 19:23:09 ERROR LogLog4j:58 - Error: org.openqa.selenium.NoSuchElementException: no such element: Unable to locate element: {"method":"xpath","selector":"//button[@data-test-id='header-boards-menu-button']/span[2]"}
  (Session info: chrome=83.0.4103.61)
For documentation on this error, please visit: https://www.seleniumhq.org/exceptions/no_such_element.html
Build info: version: '3.141.59', revision: 'e82be7d358', time: '2018-11-14T08:17:03'
System info: host: 'BULKA', ip: '192.168.0.80', os.name: 'Windows 10', os.arch: 'amd64', os.version: '10.0', java.version: '1.8.0_251'
Driver info: org.openqa.selenium.chrome.ChromeDriver
Capabilities {acceptInsecureCerts: false, browserName: chrome, browserVersion: 83.0.4103.61, chrome: {chromedriverVersion: 83.0.4103.39 (ccbf011cb2d2b..., userDataDir: C:\Users\Elena\AppData\Loca...}, goog:chromeOptions: {debuggerAddress: localhost:65308}, javascriptEnabled: true, networkConnectionEnabled: false, pageLoadStrategy: normal, platform: WINDOWS, platformName: WINDOWS, proxy: Proxy(), setWindowRect: true, strictFileInteractability: false, timeouts: {implicit: 0, pageLoad: 300000, script: 30000}, unhandledPromptBehavior: dismiss and notify, webauthn:virtualAuthenticators: true}
Session ID: 7d2220f91fb0c9ef9cc47260b17e8756
*** Element info: {Using=xpath, value=//button[@data-test-id='header-boards-menu-button']/span[2]}
2020-07-18 19:23:10 INFO  LogLog4j:41 - Find element: By.xpath: //button[@data-test-id='header-boards-menu-button']/span[2]
2020-07-18 19:23:10 ERROR LogLog4j:58 - Error: org.openqa.selenium.NoSuchElementException: no such element: Unable to locate element: {"method":"xpath","selector":"//button[@data-test-id='header-boards-menu-button']/span[2]"}
  (Session info: chrome=83.0.4103.61)
For documentation on this error, please visit: https://www.seleniumhq.org/exceptions/no_such_element.html
Build info: version: '3.141.59', revision: 'e82be7d358', time: '2018-11-14T08:17:03'
System info: host: 'BULKA', ip: '192.168.0.80', os.name: 'Windows 10', os.arch: 'amd64', os.version: '10.0', java.version: '1.8.0_251'
Driver info: org.openqa.selenium.chrome.ChromeDriver
Capabilities {acceptInsecureCerts: false, browserName: chrome, browserVersion: 83.0.4103.61, chrome: {chromedriverVersion: 83.0.4103.39 (ccbf011cb2d2b..., userDataDir: C:\Users\Elena\AppData\Loca...}, goog:chromeOptions: {debuggerAddress: localhost:65308}, javascriptEnabled: true, networkConnectionEnabled: false, pageLoadStrategy: normal, platform: WINDOWS, platformName: WINDOWS, proxy: Proxy(), setWindowRect: true, strictFileInteractability: false, timeouts: {implicit: 0, pageLoad: 300000, script: 30000}, unhandledPromptBehavior: dismiss and notify, webauthn:virtualAuthenticators: true}
Session ID: 7d2220f91fb0c9ef9cc47260b17e8756
*** Element info: {Using=xpath, value=//button[@data-test-id='header-boards-menu-button']/span[2]}
2020-07-18 19:23:10 INFO  LogLog4j:41 - Find element: By.xpath: //button[@data-test-id='header-boards-menu-button']/span[2]
2020-07-18 19:23:10 ERROR LogLog4j:58 - Error: org.openqa.selenium.NoSuchElementException: no such element: Unable to locate element: {"method":"xpath","selector":"//button[@data-test-id='header-boards-menu-button']/span[2]"}
  (Session info: chrome=83.0.4103.61)
For documentation on this error, please visit: https://www.seleniumhq.org/exceptions/no_such_element.html
Build info: version: '3.141.59', revision: 'e82be7d358', time: '2018-11-14T08:17:03'
System info: host: 'BULKA', ip: '192.168.0.80', os.name: 'Windows 10', os.arch: 'amd64', os.version: '10.0', java.version: '1.8.0_251'
Driver info: org.openqa.selenium.chrome.ChromeDriver
Capabilities {acceptInsecureCerts: false, browserName: chrome, browserVersion: 83.0.4103.61, chrome: {chromedriverVersion: 83.0.4103.39 (ccbf011cb2d2b..., userDataDir: C:\Users\Elena\AppData\Loca...}, goog:chromeOptions: {debuggerAddress: localhost:65308}, javascriptEnabled: true, networkConnectionEnabled: false, pageLoadStrategy: normal, platform: WINDOWS, platformName: WINDOWS, proxy: Proxy(), setWindowRect: true, strictFileInteractability: false, timeouts: {implicit: 0, pageLoad: 300000, script: 30000}, unhandledPromptBehavior: dismiss and notify, webauthn:virtualAuthenticators: true}
Session ID: 7d2220f91fb0c9ef9cc47260b17e8756
*** Element info: {Using=xpath, value=//button[@data-test-id='header-boards-menu-button']/span[2]}
2020-07-18 19:23:11 INFO  LogLog4j:41 - Find element: By.xpath: //button[@data-test-id='header-boards-menu-button']/span[2]
2020-07-18 19:23:11 ERROR LogLog4j:58 - Error: org.openqa.selenium.NoSuchElementException: no such element: Unable to locate element: {"method":"xpath","selector":"//button[@data-test-id='header-boards-menu-button']/span[2]"}
  (Session info: chrome=83.0.4103.61)
For documentation on this error, please visit: https://www.seleniumhq.org/exceptions/no_such_element.html
Build info: version: '3.141.59', revision: 'e82be7d358', time: '2018-11-14T08:17:03'
System info: host: 'BULKA', ip: '192.168.0.80', os.name: 'Windows 10', os.arch: 'amd64', os.version: '10.0', java.version: '1.8.0_251'
Driver info: org.openqa.selenium.chrome.ChromeDriver
Capabilities {acceptInsecureCerts: false, browserName: chrome, browserVersion: 83.0.4103.61, chrome: {chromedriverVersion: 83.0.4103.39 (ccbf011cb2d2b..., userDataDir: C:\Users\Elena\AppData\Loca...}, goog:chromeOptions: {debuggerAddress: localhost:65308}, javascriptEnabled: true, networkConnectionEnabled: false, pageLoadStrategy: normal, platform: WINDOWS, platformName: WINDOWS, proxy: Proxy(), setWindowRect: true, strictFileInteractability: false, timeouts: {implicit: 0, pageLoad: 300000, script: 30000}, unhandledPromptBehavior: dismiss and notify, webauthn:virtualAuthenticators: true}
Session ID: 7d2220f91fb0c9ef9cc47260b17e8756
*** Element info: {Using=xpath, value=//button[@data-test-id='header-boards-menu-button']/span[2]}
2020-07-18 19:23:11 INFO  LogLog4j:41 - Find element: By.xpath: //button[@data-test-id='header-boards-menu-button']/span[2]
2020-07-18 19:23:12 ERROR LogLog4j:58 - Error: org.openqa.selenium.NoSuchElementException: no such element: Unable to locate element: {"method":"xpath","selector":"//button[@data-test-id='header-boards-menu-button']/span[2]"}
  (Session info: chrome=83.0.4103.61)
For documentation on this error, please visit: https://www.seleniumhq.org/exceptions/no_such_element.html
Build info: version: '3.141.59', revision: 'e82be7d358', time: '2018-11-14T08:17:03'
System info: host: 'BULKA', ip: '192.168.0.80', os.name: 'Windows 10', os.arch: 'amd64', os.version: '10.0', java.version: '1.8.0_251'
Driver info: org.openqa.selenium.chrome.ChromeDriver
Capabilities {acceptInsecureCerts: false, browserName: chrome, browserVersion: 83.0.4103.61, chrome: {chromedriverVersion: 83.0.4103.39 (ccbf011cb2d2b..., userDataDir: C:\Users\Elena\AppData\Loca...}, goog:chromeOptions: {debuggerAddress: localhost:65308}, javascriptEnabled: true, networkConnectionEnabled: false, pageLoadStrategy: normal, platform: WINDOWS, platformName: WINDOWS, proxy: Proxy(), setWindowRect: true, strictFileInteractability: false, timeouts: {implicit: 0, pageLoad: 300000, script: 30000}, unhandledPromptBehavior: dismiss and notify, webauthn:virtualAuthenticators: true}
Session ID: 7d2220f91fb0c9ef9cc47260b17e8756
*** Element info: {Using=xpath, value=//button[@data-test-id='header-boards-menu-button']/span[2]}
2020-07-18 19:23:12 INFO  LogLog4j:41 - Find element: By.xpath: //button[@data-test-id='header-boards-menu-button']/span[2]
2020-07-18 19:23:12 ERROR LogLog4j:58 - Error: org.openqa.selenium.NoSuchElementException: no such element: Unable to locate element: {"method":"xpath","selector":"//button[@data-test-id='header-boards-menu-button']/span[2]"}
  (Session info: chrome=83.0.4103.61)
For documentation on this error, please visit: https://www.seleniumhq.org/exceptions/no_such_element.html
Build info: version: '3.141.59', revision: 'e82be7d358', time: '2018-11-14T08:17:03'
System info: host: 'BULKA', ip: '192.168.0.80', os.name: 'Windows 10', os.arch: 'amd64', os.version: '10.0', java.version: '1.8.0_251'
Driver info: org.openqa.selenium.chrome.ChromeDriver
Capabilities {acceptInsecureCerts: false, browserName: chrome, browserVersion: 83.0.4103.61, chrome: {chromedriverVersion: 83.0.4103.39 (ccbf011cb2d2b..., userDataDir: C:\Users\Elena\AppData\Loca...}, goog:chromeOptions: {debuggerAddress: localhost:65308}, javascriptEnabled: true, networkConnectionEnabled: false, pageLoadStrategy: normal, platform: WINDOWS, platformName: WINDOWS, proxy: Proxy(), setWindowRect: true, strictFileInteractability: false, timeouts: {implicit: 0, pageLoad: 300000, script: 30000}, unhandledPromptBehavior: dismiss and notify, webauthn:virtualAuthenticators: true}
Session ID: 7d2220f91fb0c9ef9cc47260b17e8756
*** Element info: {Using=xpath, value=//button[@data-test-id='header-boards-menu-button']/span[2]}
2020-07-18 19:23:13 INFO  LogLog4j:41 - Find element: By.xpath: //button[@data-test-id='header-boards-menu-button']/span[2]
2020-07-18 19:23:20 INFO  LogLog4j:41 - Element: By.xpath: //button[@data-test-id='header-boards-menu-button']/span[2]was find
2020-07-18 19:23:20 INFO  LogLog4j:41 - Find element: By.xpath: //button[@data-test-id='header-boards-menu-button']/span[2]
2020-07-18 19:23:20 INFO  LogLog4j:41 - Element: By.xpath: //button[@data-test-id='header-boards-menu-button']/span[2]was find
2020-07-18 19:23:20 INFO  LogLog4j:41 - Find element: By.xpath: //button[@data-test-id = 'header-member-menu-button']
2020-07-18 19:23:21 INFO  LogLog4j:41 - Element: By.xpath: //button[@data-test-id = 'header-member-menu-button']was find
2020-07-18 19:23:21 INFO  LogLog4j:41 - Find element: By.xpath: //button[@data-test-id = 'header-member-menu-button']
2020-07-18 19:23:21 INFO  LogLog4j:41 - Element: By.xpath: //button[@data-test-id = 'header-member-menu-button']was find
2020-07-18 19:23:26 INFO  LogLog4j:41 - Find element: By.xpath: //button[@data-test-id='header-boards-menu-button']/span[2]
2020-07-18 19:23:26 INFO  LogLog4j:41 - Element: By.xpath: //button[@data-test-id='header-boards-menu-button']/span[2]was find
2020-07-18 19:23:26 INFO  LogLog4j:41 - Find element: By.xpath: //button[@data-test-id='header-boards-menu-button']/span[2]
2020-07-18 19:23:26 INFO  LogLog4j:41 - Element: By.xpath: //button[@data-test-id='header-boards-menu-button']/span[2]was find
2020-07-18 19:23:26 INFO  LogLog4j:41 - -- Class ProfileVisabilityScreenHelper, method clickMenuButton() was started
2020-07-18 19:23:26 INFO  LogLog4j:41 - Click Menu Button N
2020-07-18 19:23:26 INFO  LogLog4j:41 - Find element: By.xpath: //button[@data-test-id='header-member-menu-button']
2020-07-18 19:23:26 INFO  LogLog4j:41 - Element: By.xpath: //button[@data-test-id='header-member-menu-button']was find
2020-07-18 19:23:26 INFO  LogLog4j:41 - Click Menu Button 'Профиль и доступ'
2020-07-18 19:23:26 INFO  LogLog4j:41 - Find element: By.xpath: //a[@data-test-id='header-member-menu-profile']
2020-07-18 19:23:26 INFO  LogLog4j:41 - Element: By.xpath: //a[@data-test-id='header-member-menu-profile']was find
2020-07-18 19:23:26 INFO  LogLog4j:15 - 
2020-07-18 19:23:26 INFO  LogLog4j:16 - 
2020-07-18 19:23:26 INFO  LogLog4j:17 - *******************************************************************
2020-07-18 19:23:26 INFO  LogLog4j:18 -                    Test Case: userNameVerification
2020-07-18 19:23:26 INFO  LogLog4j:19 - *******************************************************************
2020-07-18 19:23:26 INFO  LogLog4j:41 - -- Class ProfileVisabilityScreenHelper, method waitUntilElementIsClickable1() was started
2020-07-18 19:23:26 INFO  LogLog4j:41 - Wait until User Menu Button is clickable
2020-07-18 19:23:26 INFO  LogLog4j:41 - Find element: By.xpath: //a[@class='tabbed-pane-nav-item-button js-member-activity']
2020-07-18 19:23:26 ERROR LogLog4j:58 - Error: org.openqa.selenium.NoSuchElementException: no such element: Unable to locate element: {"method":"xpath","selector":"//a[@class='tabbed-pane-nav-item-button js-member-activity']"}
  (Session info: chrome=83.0.4103.61)
For documentation on this error, please visit: https://www.seleniumhq.org/exceptions/no_such_element.html
Build info: version: '3.141.59', revision: 'e82be7d358', time: '2018-11-14T08:17:03'
System info: host: 'BULKA', ip: '192.168.0.80', os.name: 'Windows 10', os.arch: 'amd64', os.version: '10.0', java.version: '1.8.0_251'
Driver info: org.openqa.selenium.chrome.ChromeDriver
Capabilities {acceptInsecureCerts: false, browserName: chrome, browserVersion: 83.0.4103.61, chrome: {chromedriverVersion: 83.0.4103.39 (ccbf011cb2d2b..., userDataDir: C:\Users\Elena\AppData\Loca...}, goog:chromeOptions: {debuggerAddress: localhost:65308}, javascriptEnabled: true, networkConnectionEnabled: false, pageLoadStrategy: normal, platform: WINDOWS, platformName: WINDOWS, proxy: Proxy(), setWindowRect: true, strictFileInteractability: false, timeouts: {implicit: 0, pageLoad: 300000, script: 30000}, unhandledPromptBehavior: dismiss and notify, webauthn:virtualAuthenticators: true}
Session ID: 7d2220f91fb0c9ef9cc47260b17e8756
*** Element info: {Using=xpath, value=//a[@class='tabbed-pane-nav-item-button js-member-activity']}
2020-07-18 19:23:27 INFO  LogLog4j:41 - Find element: By.xpath: //a[@class='tabbed-pane-nav-item-button js-member-activity']
2020-07-18 19:23:27 ERROR LogLog4j:58 - Error: org.openqa.selenium.NoSuchElementException: no such element: Unable to locate element: {"method":"xpath","selector":"//a[@class='tabbed-pane-nav-item-button js-member-activity']"}
  (Session info: chrome=83.0.4103.61)
For documentation on this error, please visit: https://www.seleniumhq.org/exceptions/no_such_element.html
Build info: version: '3.141.59', revision: 'e82be7d358', time: '2018-11-14T08:17:03'
System info: host: 'BULKA', ip: '192.168.0.80', os.name: 'Windows 10', os.arch: 'amd64', os.version: '10.0', java.version: '1.8.0_251'
Driver info: org.openqa.selenium.chrome.ChromeDriver
Capabilities {acceptInsecureCerts: false, browserName: chrome, browserVersion: 83.0.4103.61, chrome: {chromedriverVersion: 83.0.4103.39 (ccbf011cb2d2b..., userDataDir: C:\Users\Elena\AppData\Loca...}, goog:chromeOptions: {debuggerAddress: localhost:65308}, javascriptEnabled: true, networkConnectionEnabled: false, pageLoadStrategy: normal, platform: WINDOWS, platformName: WINDOWS, proxy: Proxy(), setWindowRect: true, strictFileInteractability: false, timeouts: {implicit: 0, pageLoad: 300000, script: 30000}, unhandledPromptBehavior: dismiss and notify, webauthn:virtualAuthenticators: true}
Session ID: 7d2220f91fb0c9ef9cc47260b17e8756
*** Element info: {Using=xpath, value=//a[@class='tabbed-pane-nav-item-button js-member-activity']}
2020-07-18 19:23:28 INFO  LogLog4j:41 - Find element: By.xpath: //a[@class='tabbed-pane-nav-item-button js-member-activity']
2020-07-18 19:23:28 INFO  LogLog4j:41 - Element: By.xpath: //a[@class='tabbed-pane-nav-item-button js-member-activity']was find
2020-07-18 19:23:28 INFO  LogLog4j:41 - Find element: By.xpath: //a[@class='tabbed-pane-nav-item-button js-member-activity']
2020-07-18 19:23:28 INFO  LogLog4j:41 - Element: By.xpath: //a[@class='tabbed-pane-nav-item-button js-member-activity']was find
2020-07-18 19:23:28 INFO  LogLog4j:41 - Wait until load Button User Menu
2020-07-18 19:23:28 INFO  LogLog4j:41 - Find element: By.xpath: //span[contains(text(),'@')]
2020-07-18 19:23:28 INFO  LogLog4j:41 - Element: By.xpath: //span[contains(text(),'@')]was find
2020-07-18 19:23:28 INFO  LogLog4j:41 - Wait until load Button User Menu title
2020-07-18 19:23:28 INFO  LogLog4j:41 - Find element: By.xpath: //input[@name='username']
2020-07-18 19:23:28 INFO  LogLog4j:41 - Element: By.xpath: //input[@name='username']was find
2020-07-18 19:23:28 INFO  LogLog4j:41 - Find element: By.xpath: //span[contains(text(),'@')]
2020-07-18 19:23:28 INFO  LogLog4j:41 - Element: By.xpath: //span[contains(text(),'@')]was find
2020-07-18 19:23:28 INFO  LogLog4j:41 - Find element: By.xpath: //input[@name='username']
2020-07-18 19:23:28 INFO  LogLog4j:41 - Element: By.xpath: //input[@name='username']was find
